<?xml version="1.0" encoding="UTF-8"?>
<testng-results skipped="0" failed="1" total="7" passed="6">
  <reporter-output>
  </reporter-output>
  <suite name="Default suite" duration-ms="28" started-at="2018-05-06T22:21:21Z" finished-at="2018-05-06T22:21:21Z">
    <groups>
    </groups>
    <test name="Default test" duration-ms="28" started-at="2018-05-06T22:21:21Z" finished-at="2018-05-06T22:21:21Z">
      <class name="iSimpleMaven.iSimpleMavenTestNg_Negative">
        <test-method status="FAIL" signature="SampleTestScript2()[pri:0, instance:iSimpleMaven.iSimpleMavenTestNg_Negative@6767c1fc]" name="SampleTestScript2" duration-ms="9" started-at="2018-05-06T18:21:21Z" finished-at="2018-05-06T18:21:21Z">
          <exception class="java.lang.AssertionError">
            <message>
              <![CDATA[expected [Hello] but found [Google]]]>
            </message>
            <full-stacktrace>
              <![CDATA[java.lang.AssertionError: expected [Hello] but found [Google]
	at org.testng.Assert.fail(Assert.java:94)
	at org.testng.Assert.failNotEquals(Assert.java:496)
	at org.testng.Assert.assertEquals(Assert.java:125)
	at org.testng.Assert.assertEquals(Assert.java:178)
	at org.testng.Assert.assertEquals(Assert.java:188)
	at iSimpleMaven.iSimpleMavenTestNg_Negative.SampleTestScript2(iSimpleMavenTestNg_Negative.java:17)
	at sun.reflect.NativeMethodAccessorImpl.invoke0(Native Method)
	at sun.reflect.NativeMethodAccessorImpl.invoke(NativeMethodAccessorImpl.java:62)
	at sun.reflect.DelegatingMethodAccessorImpl.invoke(DelegatingMethodAccessorImpl.java:43)
	at java.lang.reflect.Method.invoke(Method.java:498)
	at org.testng.internal.MethodInvocationHelper.invokeMethod(MethodInvocationHelper.java:85)
	at org.testng.internal.Invoker.invokeMethod(Invoker.java:639)
	at org.testng.internal.Invoker.invokeTestMethod(Invoker.java:816)
	at org.testng.internal.Invoker.invokeTestMethods(Invoker.java:1124)
	at org.testng.internal.TestMethodWorker.invokeTestMethods(TestMethodWorker.java:125)
	at org.testng.internal.TestMethodWorker.run(TestMethodWorker.java:108)
	at org.testng.TestRunner.privateRun(TestRunner.java:774)
	at org.testng.TestRunner.run(TestRunner.java:624)
	at org.testng.SuiteRunner.runTest(SuiteRunner.java:359)
	at org.testng.SuiteRunner.runSequentially(SuiteRunner.java:354)
	at org.testng.SuiteRunner.privateRun(SuiteRunner.java:312)
	at org.testng.SuiteRunner.run(SuiteRunner.java:261)
	at org.testng.SuiteRunnerWorker.runSuite(SuiteRunnerWorker.java:52)
	at org.testng.SuiteRunnerWorker.run(SuiteRunnerWorker.java:86)
	at org.testng.TestNG.runSuitesSequentially(TestNG.java:1191)
	at org.testng.TestNG.runSuitesLocally(TestNG.java:1116)
	at org.testng.TestNG.run(TestNG.java:1024)
	at org.testng.remote.AbstractRemoteTestNG.run(AbstractRemoteTestNG.java:114)
	at org.testng.remote.RemoteTestNG.initAndRun(RemoteTestNG.java:251)
	at org.testng.remote.RemoteTestNG.main(RemoteTestNG.java:77)
]]>
            </full-stacktrace>
          </exception> <!-- java.lang.AssertionError -->
          <reporter-output>
          </reporter-output>
        </test-method> <!-- SampleTestScript2 -->
        <test-method status="PASS" signature="SampleTestScript4()[pri:0, instance:iSimpleMaven.iSimpleMavenTestNg_Negative@6767c1fc]" name="SampleTestScript4" duration-ms="1" started-at="2018-05-06T18:21:21Z" finished-at="2018-05-06T18:21:21Z">
          <reporter-output>
          </reporter-output>
        </test-method> <!-- SampleTestScript4 -->
        <test-method status="PASS" signature="SampleTestScript6()[pri:0, instance:iSimpleMaven.iSimpleMavenTestNg_Negative@6767c1fc]" name="SampleTestScript6" duration-ms="1" started-at="2018-05-06T18:21:21Z" finished-at="2018-05-06T18:21:21Z">
          <reporter-output>
          </reporter-output>
        </test-method> <!-- SampleTestScript6 -->
        <test-method status="PASS" signature="SampleTestScript7()[pri:0, instance:iSimpleMaven.iSimpleMavenTestNg_Negative@6767c1fc]" name="SampleTestScript7" duration-ms="0" started-at="2018-05-06T18:21:21Z" finished-at="2018-05-06T18:21:21Z">
          <reporter-output>
          </reporter-output>
        </test-method> <!-- SampleTestScript7 -->
        <test-method status="PASS" signature="SampleTestScript5()[pri:1, instance:iSimpleMaven.iSimpleMavenTestNg_Negative@6767c1fc]" name="SampleTestScript5" duration-ms="0" started-at="2018-05-06T18:21:21Z" finished-at="2018-05-06T18:21:21Z">
          <reporter-output>
          </reporter-output>
        </test-method> <!-- SampleTestScript5 -->
        <test-method status="PASS" signature="SampleTestScript1()[pri:2, instance:iSimpleMaven.iSimpleMavenTestNg_Negative@6767c1fc]" name="SampleTestScript1" duration-ms="1" started-at="2018-05-06T18:21:21Z" finished-at="2018-05-06T18:21:21Z">
          <reporter-output>
          </reporter-output>
        </test-method> <!-- SampleTestScript1 -->
        <test-method status="PASS" signature="SampleTestScript3()[pri:3, instance:iSimpleMaven.iSimpleMavenTestNg_Negative@6767c1fc]" name="SampleTestScript3" duration-ms="0" started-at="2018-05-06T18:21:21Z" finished-at="2018-05-06T18:21:21Z">
          <reporter-output>
          </reporter-output>
        </test-method> <!-- SampleTestScript3 -->
      </class> <!-- iSimpleMaven.iSimpleMavenTestNg_Negative -->
    </test> <!-- Default test -->
  </suite> <!-- Default suite -->
</testng-results>
